0 verbose cli /usr/local/Cellar/node/21.1.0/bin/node /usr/local/bin/npm
1 info using npm@10.2.4
2 info using node@v21.1.0
3 timing npm:load:whichnode Completed in 4ms
4 timing config:load:defaults Completed in 4ms
5 timing config:load:file:/usr/local/lib/node_modules/npm/npmrc Completed in 9ms
6 timing config:load:builtin Completed in 9ms
7 timing config:load:cli Completed in 19ms
8 timing config:load:env Completed in 1ms
9 timing config:load:file:/Users/local/.npmrc Completed in 4ms
10 timing config:load:project Completed in 7ms
11 timing config:load:file:/Users/local/Music/predominant-planet/horpizylimzfire/.npmrc Completed in 1ms
12 timing config:load:user Completed in 1ms
13 timing config:load:file:/usr/local/etc/npmrc Completed in 1ms
14 timing config:load:global Completed in 1ms
15 timing config:load:setEnvs Completed in 2ms
16 timing config:load Completed in 47ms
17 timing npm:load:configload Completed in 47ms
18 timing config:load:flatten Completed in 29ms
19 timing npm:load:mkdirpcache Completed in 2ms
20 timing npm:load:mkdirplogs Completed in 0ms
21 verbose title npm init
22 verbose argv "init" "--yes"
23 timing npm:load:setTitle Completed in 12ms
24 timing npm:load:display Completed in 1ms
25 verbose logfile logs-max:10 dir:/Users/local/Music/predominant-planet/horpizylimzfire/.npm/_logs/2023-11-23T10_25_06_071Z-
26 verbose logfile /Users/local/Music/predominant-planet/horpizylimzfire/.npm/_logs/2023-11-23T10_25_06_071Z-debug-0.log
27 timing npm:load:logFile Completed in 53ms
28 timing npm:load:timers Completed in 0ms
29 timing npm:load:configScope Completed in 0ms
30 timing npm:load Completed in 227ms
31 silly logfile done cleaning log files
32 silly package data {
32 silly package data   name: 'horpizylimzfire',
32 silly package data   version: '1.0.0',
32 silly package data   description: '',
32 silly package data   main: 'index.js',
32 silly package data   scripts: { test: 'echo "Error: no test specified" && exit 1' },
32 silly package data   keywords: [],
32 silly package data   author: '',
32 silly package data   license: 'ISC'
32 silly package data }
33 timing command:init Completed in 484ms
34 verbose exit 0
35 timing npm Completed in 2662ms
36 info ok
